::1 - - [12/Oct/2018:00:25:19 +0000] "GET / HTTP/1.1" 200 2761 "-" "Mozilla/5.0 (Windows NT 10.0; Win64; x64) AppleWebKit/537.36 (KHTML, like Gecko) Chrome/69.0.3497.100 Safari/537.36"
::1 - - [12/Oct/2018:00:25:19 +0000] "GET /indexcss.css HTTP/1.1" 404 151 "http://localhost:8081/" "Mozilla/5.0 (Windows NT 10.0; Win64; x64) AppleWebKit/537.36 (KHTML, like Gecko) Chrome/69.0.3497.100 Safari/537.36"
::1 - - [12/Oct/2018:00:25:19 +0000] "GET /menu.png HTTP/1.1" 404 147 "http://localhost:8081/" "Mozilla/5.0 (Windows NT 10.0; Win64; x64) AppleWebKit/537.36 (KHTML, like Gecko) Chrome/69.0.3497.100 Safari/537.36"
::1 - - [12/Oct/2018:00:25:20 +0000] "GET /sam.jpg HTTP/1.1" 404 146 "http://localhost:8081/" "Mozilla/5.0 (Windows NT 10.0; Win64; x64) AppleWebKit/537.36 (KHTML, like Gecko) Chrome/69.0.3497.100 Safari/537.36"
::1 - - [12/Oct/2018:00:25:20 +0000] "GET /conv.js HTTP/1.1" 404 146 "http://localhost:8081/" "Mozilla/5.0 (Windows NT 10.0; Win64; x64) AppleWebKit/537.36 (KHTML, like Gecko) Chrome/69.0.3497.100 Safari/537.36"
::1 - - [12/Oct/2018:00:25:20 +0000] "GET /conv.js HTTP/1.1" 404 146 "http://localhost:8081/" "Mozilla/5.0 (Windows NT 10.0; Win64; x64) AppleWebKit/537.36 (KHTML, like Gecko) Chrome/69.0.3497.100 Safari/537.36"
::1 - - [12/Oct/2018:00:25:21 +0000] "GET /favicon.ico HTTP/1.1" 404 150 "http://localhost:8081/" "Mozilla/5.0 (Windows NT 10.0; Win64; x64) AppleWebKit/537.36 (KHTML, like Gecko) Chrome/69.0.3497.100 Safari/537.36"
::1 - - [12/Oct/2018:00:27:52 +0000] "GET / HTTP/1.1" 304 - "-" "Mozilla/5.0 (Windows NT 10.0; Win64; x64) AppleWebKit/537.36 (KHTML, like Gecko) Chrome/69.0.3497.100 Safari/537.36"
::1 - - [12/Oct/2018:00:27:52 +0000] "GET /indexcss.css HTTP/1.1" 404 151 "http://localhost:8081/" "Mozilla/5.0 (Windows NT 10.0; Win64; x64) AppleWebKit/537.36 (KHTML, like Gecko) Chrome/69.0.3497.100 Safari/537.36"
::1 - - [12/Oct/2018:00:27:52 +0000] "GET /menu.png HTTP/1.1" 404 147 "http://localhost:8081/" "Mozilla/5.0 (Windows NT 10.0; Win64; x64) AppleWebKit/537.36 (KHTML, like Gecko) Chrome/69.0.3497.100 Safari/537.36"
::1 - - [12/Oct/2018:00:27:52 +0000] "GET /sam.jpg HTTP/1.1" 404 146 "http://localhost:8081/" "Mozilla/5.0 (Windows NT 10.0; Win64; x64) AppleWebKit/537.36 (KHTML, like Gecko) Chrome/69.0.3497.100 Safari/537.36"
::1 - - [12/Oct/2018:00:27:52 +0000] "GET /conv.js HTTP/1.1" 404 146 "http://localhost:8081/" "Mozilla/5.0 (Windows NT 10.0; Win64; x64) AppleWebKit/537.36 (KHTML, like Gecko) Chrome/69.0.3497.100 Safari/537.36"
::1 - - [12/Oct/2018:00:29:28 +0000] "GET / HTTP/1.1" 200 2769 "-" "Mozilla/5.0 (Windows NT 10.0; Win64; x64) AppleWebKit/537.36 (KHTML, like Gecko) Chrome/69.0.3497.100 Safari/537.36"
::1 - - [12/Oct/2018:00:29:28 +0000] "GET /indexcss.css HTTP/1.1" 404 151 "http://localhost:8081/" "Mozilla/5.0 (Windows NT 10.0; Win64; x64) AppleWebKit/537.36 (KHTML, like Gecko) Chrome/69.0.3497.100 Safari/537.36"
::1 - - [12/Oct/2018:00:29:28 +0000] "GET /menu.png HTTP/1.1" 404 147 "http://localhost:8081/" "Mozilla/5.0 (Windows NT 10.0; Win64; x64) AppleWebKit/537.36 (KHTML, like Gecko) Chrome/69.0.3497.100 Safari/537.36"
::1 - - [12/Oct/2018:00:29:28 +0000] "GET /conv.js HTTP/1.1" 404 146 "http://localhost:8081/" "Mozilla/5.0 (Windows NT 10.0; Win64; x64) AppleWebKit/537.36 (KHTML, like Gecko) Chrome/69.0.3497.100 Safari/537.36"
::1 - - [12/Oct/2018:00:30:03 +0000] "GET / HTTP/1.1" 200 2774 "-" "Mozilla/5.0 (Windows NT 10.0; Win64; x64) AppleWebKit/537.36 (KHTML, like Gecko) Chrome/69.0.3497.100 Safari/537.36"
::1 - - [12/Oct/2018:00:30:03 +0000] "GET /menu.png HTTP/1.1" 404 147 "http://localhost:8081/" "Mozilla/5.0 (Windows NT 10.0; Win64; x64) AppleWebKit/537.36 (KHTML, like Gecko) Chrome/69.0.3497.100 Safari/537.36"
::1 - - [12/Oct/2018:00:30:04 +0000] "GET /conv.js HTTP/1.1" 404 146 "http://localhost:8081/" "Mozilla/5.0 (Windows NT 10.0; Win64; x64) AppleWebKit/537.36 (KHTML, like Gecko) Chrome/69.0.3497.100 Safari/537.36"
::1 - - [12/Oct/2018:00:30:04 +0000] "GET /css/all.jpg HTTP/1.1" 404 150 "http://localhost:8081/css/indexcss.css" "Mozilla/5.0 (Windows NT 10.0; Win64; x64) AppleWebKit/537.36 (KHTML, like Gecko) Chrome/69.0.3497.100 Safari/537.36"
::1 - - [12/Oct/2018:00:30:06 +0000] "GET /index.html HTTP/1.1" 404 149 "http://localhost:8081/" "Mozilla/5.0 (Windows NT 10.0; Win64; x64) AppleWebKit/537.36 (KHTML, like Gecko) Chrome/69.0.3497.100 Safari/537.36"
::1 - - [12/Oct/2018:00:30:56 +0000] "GET / HTTP/1.1" 200 2754 "-" "Mozilla/5.0 (Windows NT 10.0; Win64; x64) AppleWebKit/537.36 (KHTML, like Gecko) Chrome/69.0.3497.100 Safari/537.36"
::1 - - [12/Oct/2018:00:30:56 +0000] "GET /menu.png HTTP/1.1" 404 147 "http://localhost:8081/" "Mozilla/5.0 (Windows NT 10.0; Win64; x64) AppleWebKit/537.36 (KHTML, like Gecko) Chrome/69.0.3497.100 Safari/537.36"
::1 - - [12/Oct/2018:00:30:56 +0000] "GET /conv.js HTTP/1.1" 404 146 "http://localhost:8081/" "Mozilla/5.0 (Windows NT 10.0; Win64; x64) AppleWebKit/537.36 (KHTML, like Gecko) Chrome/69.0.3497.100 Safari/537.36"
::1 - - [12/Oct/2018:00:30:56 +0000] "GET /css/all.jpg HTTP/1.1" 404 150 "http://localhost:8081/css/indexcss.css" "Mozilla/5.0 (Windows NT 10.0; Win64; x64) AppleWebKit/537.36 (KHTML, like Gecko) Chrome/69.0.3497.100 Safari/537.36"
::1 - - [12/Oct/2018:00:30:57 +0000] "GET /index HTTP/1.1" 200 2754 "http://localhost:8081/" "Mozilla/5.0 (Windows NT 10.0; Win64; x64) AppleWebKit/537.36 (KHTML, like Gecko) Chrome/69.0.3497.100 Safari/537.36"
::1 - - [12/Oct/2018:00:30:57 +0000] "GET /menu.png HTTP/1.1" 404 147 "http://localhost:8081/index" "Mozilla/5.0 (Windows NT 10.0; Win64; x64) AppleWebKit/537.36 (KHTML, like Gecko) Chrome/69.0.3497.100 Safari/537.36"
::1 - - [12/Oct/2018:00:30:57 +0000] "GET /conv.js HTTP/1.1" 404 146 "http://localhost:8081/index" "Mozilla/5.0 (Windows NT 10.0; Win64; x64) AppleWebKit/537.36 (KHTML, like Gecko) Chrome/69.0.3497.100 Safari/537.36"
::1 - - [12/Oct/2018:00:30:57 +0000] "GET /css/all.jpg HTTP/1.1" 404 150 "http://localhost:8081/css/indexcss.css" "Mozilla/5.0 (Windows NT 10.0; Win64; x64) AppleWebKit/537.36 (KHTML, like Gecko) Chrome/69.0.3497.100 Safari/537.36"
::1 - - [12/Oct/2018:00:30:58 +0000] "GET /details HTTP/1.1" 200 2292 "http://localhost:8081/index" "Mozilla/5.0 (Windows NT 10.0; Win64; x64) AppleWebKit/537.36 (KHTML, like Gecko) Chrome/69.0.3497.100 Safari/537.36"
::1 - - [12/Oct/2018:00:30:58 +0000] "GET /menu.png HTTP/1.1" 404 147 "http://localhost:8081/details" "Mozilla/5.0 (Windows NT 10.0; Win64; x64) AppleWebKit/537.36 (KHTML, like Gecko) Chrome/69.0.3497.100 Safari/537.36"
::1 - - [12/Oct/2018:00:30:58 +0000] "GET /conv.js HTTP/1.1" 404 146 "http://localhost:8081/details" "Mozilla/5.0 (Windows NT 10.0; Win64; x64) AppleWebKit/537.36 (KHTML, like Gecko) Chrome/69.0.3497.100 Safari/537.36"
::1 - - [12/Oct/2018:00:30:59 +0000] "GET /conv.js HTTP/1.1" 404 146 "http://localhost:8081/details" "Mozilla/5.0 (Windows NT 10.0; Win64; x64) AppleWebKit/537.36 (KHTML, like Gecko) Chrome/69.0.3497.100 Safari/537.36"
::1 - - [12/Oct/2018:00:30:59 +0000] "GET /css/all.jpg HTTP/1.1" 404 150 "http://localhost:8081/css/indexcss.css" "Mozilla/5.0 (Windows NT 10.0; Win64; x64) AppleWebKit/537.36 (KHTML, like Gecko) Chrome/69.0.3497.100 Safari/537.36"
::1 - - [12/Oct/2018:00:30:59 +0000] "GET /conv.js HTTP/1.1" 404 146 "http://localhost:8081/details" "Mozilla/5.0 (Windows NT 10.0; Win64; x64) AppleWebKit/537.36 (KHTML, like Gecko) Chrome/69.0.3497.100 Safari/537.36"
::1 - - [12/Oct/2018:00:31:00 +0000] "GET /index HTTP/1.1" 304 - "http://localhost:8081/details" "Mozilla/5.0 (Windows NT 10.0; Win64; x64) AppleWebKit/537.36 (KHTML, like Gecko) Chrome/69.0.3497.100 Safari/537.36"
::1 - - [12/Oct/2018:00:31:00 +0000] "GET /menu.png HTTP/1.1" 404 147 "http://localhost:8081/index" "Mozilla/5.0 (Windows NT 10.0; Win64; x64) AppleWebKit/537.36 (KHTML, like Gecko) Chrome/69.0.3497.100 Safari/537.36"
::1 - - [12/Oct/2018:00:31:00 +0000] "GET /conv.js HTTP/1.1" 404 146 "http://localhost:8081/index" "Mozilla/5.0 (Windows NT 10.0; Win64; x64) AppleWebKit/537.36 (KHTML, like Gecko) Chrome/69.0.3497.100 Safari/537.36"
::1 - - [12/Oct/2018:00:31:00 +0000] "GET /css/all.jpg HTTP/1.1" 404 150 "http://localhost:8081/css/indexcss.css" "Mozilla/5.0 (Windows NT 10.0; Win64; x64) AppleWebKit/537.36 (KHTML, like Gecko) Chrome/69.0.3497.100 Safari/537.36"
::1 - - [12/Oct/2018:00:31:12 +0000] "GET /index HTTP/1.1" 200 2755 "http://localhost:8081/details" "Mozilla/5.0 (Windows NT 10.0; Win64; x64) AppleWebKit/537.36 (KHTML, like Gecko) Chrome/69.0.3497.100 Safari/537.36"
::1 - - [12/Oct/2018:00:31:12 +0000] "GET /menu.png HTTP/1.1" 404 147 "http://localhost:8081/index" "Mozilla/5.0 (Windows NT 10.0; Win64; x64) AppleWebKit/537.36 (KHTML, like Gecko) Chrome/69.0.3497.100 Safari/537.36"
::1 - - [12/Oct/2018:00:31:12 +0000] "GET /conv.js HTTP/1.1" 404 146 "http://localhost:8081/index" "Mozilla/5.0 (Windows NT 10.0; Win64; x64) AppleWebKit/537.36 (KHTML, like Gecko) Chrome/69.0.3497.100 Safari/537.36"
::1 - - [12/Oct/2018:00:31:12 +0000] "GET /css/all.jpg HTTP/1.1" 404 150 "http://localhost:8081/css/indexcss.css" "Mozilla/5.0 (Windows NT 10.0; Win64; x64) AppleWebKit/537.36 (KHTML, like Gecko) Chrome/69.0.3497.100 Safari/537.36"
::1 - - [12/Oct/2018:00:31:18 +0000] "GET /details HTTP/1.1" 200 2293 "http://localhost:8081/index" "Mozilla/5.0 (Windows NT 10.0; Win64; x64) AppleWebKit/537.36 (KHTML, like Gecko) Chrome/69.0.3497.100 Safari/537.36"
::1 - - [12/Oct/2018:00:31:18 +0000] "GET /menu.png HTTP/1.1" 404 147 "http://localhost:8081/details" "Mozilla/5.0 (Windows NT 10.0; Win64; x64) AppleWebKit/537.36 (KHTML, like Gecko) Chrome/69.0.3497.100 Safari/537.36"
::1 - - [12/Oct/2018:00:31:18 +0000] "GET /conv.js HTTP/1.1" 404 146 "http://localhost:8081/details" "Mozilla/5.0 (Windows NT 10.0; Win64; x64) AppleWebKit/537.36 (KHTML, like Gecko) Chrome/69.0.3497.100 Safari/537.36"
::1 - - [12/Oct/2018:00:31:18 +0000] "GET /conv.js HTTP/1.1" 404 146 "http://localhost:8081/details" "Mozilla/5.0 (Windows NT 10.0; Win64; x64) AppleWebKit/537.36 (KHTML, like Gecko) Chrome/69.0.3497.100 Safari/537.36"
::1 - - [12/Oct/2018:00:31:18 +0000] "GET /css/all.jpg HTTP/1.1" 404 150 "http://localhost:8081/css/indexcss.css" "Mozilla/5.0 (Windows NT 10.0; Win64; x64) AppleWebKit/537.36 (KHTML, like Gecko) Chrome/69.0.3497.100 Safari/537.36"
::1 - - [12/Oct/2018:00:31:18 +0000] "GET /conv.js HTTP/1.1" 404 146 "http://localhost:8081/details" "Mozilla/5.0 (Windows NT 10.0; Win64; x64) AppleWebKit/537.36 (KHTML, like Gecko) Chrome/69.0.3497.100 Safari/537.36"
::1 - - [12/Oct/2018:00:31:39 +0000] "GET /details HTTP/1.1" 200 2297 "http://localhost:8081/index" "Mozilla/5.0 (Windows NT 10.0; Win64; x64) AppleWebKit/537.36 (KHTML, like Gecko) Chrome/69.0.3497.100 Safari/537.36"
::1 - - [12/Oct/2018:00:31:39 +0000] "GET /menu.png HTTP/1.1" 404 147 "http://localhost:8081/details" "Mozilla/5.0 (Windows NT 10.0; Win64; x64) AppleWebKit/537.36 (KHTML, like Gecko) Chrome/69.0.3497.100 Safari/537.36"
::1 - - [12/Oct/2018:00:31:39 +0000] "GET /conv.js HTTP/1.1" 404 146 "http://localhost:8081/details" "Mozilla/5.0 (Windows NT 10.0; Win64; x64) AppleWebKit/537.36 (KHTML, like Gecko) Chrome/69.0.3497.100 Safari/537.36"
::1 - - [12/Oct/2018:00:31:39 +0000] "GET /conv.js HTTP/1.1" 404 146 "http://localhost:8081/details" "Mozilla/5.0 (Windows NT 10.0; Win64; x64) AppleWebKit/537.36 (KHTML, like Gecko) Chrome/69.0.3497.100 Safari/537.36"
::1 - - [12/Oct/2018:00:31:39 +0000] "GET /css/all.jpg HTTP/1.1" 404 150 "http://localhost:8081/css/indexcss.css" "Mozilla/5.0 (Windows NT 10.0; Win64; x64) AppleWebKit/537.36 (KHTML, like Gecko) Chrome/69.0.3497.100 Safari/537.36"
::1 - - [12/Oct/2018:00:33:43 +0000] "GET /details HTTP/1.1" 200 2364 "http://localhost:8081/index" "Mozilla/5.0 (Windows NT 10.0; Win64; x64) AppleWebKit/537.36 (KHTML, like Gecko) Chrome/69.0.3497.100 Safari/537.36"
::1 - - [12/Oct/2018:00:33:43 +0000] "GET /menu.png HTTP/1.1" 404 147 "http://localhost:8081/details" "Mozilla/5.0 (Windows NT 10.0; Win64; x64) AppleWebKit/537.36 (KHTML, like Gecko) Chrome/69.0.3497.100 Safari/537.36"
::1 - - [12/Oct/2018:00:33:43 +0000] "GET /conv.js HTTP/1.1" 404 146 "http://localhost:8081/details" "Mozilla/5.0 (Windows NT 10.0; Win64; x64) AppleWebKit/537.36 (KHTML, like Gecko) Chrome/69.0.3497.100 Safari/537.36"
::1 - - [12/Oct/2018:00:33:43 +0000] "GET /conv.js HTTP/1.1" 404 146 "http://localhost:8081/details" "Mozilla/5.0 (Windows NT 10.0; Win64; x64) AppleWebKit/537.36 (KHTML, like Gecko) Chrome/69.0.3497.100 Safari/537.36"
::1 - - [12/Oct/2018:00:33:43 +0000] "GET /css/all.jpg HTTP/1.1" 404 150 "http://localhost:8081/css/indexcss.css" "Mozilla/5.0 (Windows NT 10.0; Win64; x64) AppleWebKit/537.36 (KHTML, like Gecko) Chrome/69.0.3497.100 Safari/537.36"
::1 - - [12/Oct/2018:00:33:47 +0000] "GET /index HTTP/1.1" 200 2826 "http://localhost:8081/details" "Mozilla/5.0 (Windows NT 10.0; Win64; x64) AppleWebKit/537.36 (KHTML, like Gecko) Chrome/69.0.3497.100 Safari/537.36"
::1 - - [12/Oct/2018:00:33:47 +0000] "GET /menu.png HTTP/1.1" 404 147 "http://localhost:8081/index" "Mozilla/5.0 (Windows NT 10.0; Win64; x64) AppleWebKit/537.36 (KHTML, like Gecko) Chrome/69.0.3497.100 Safari/537.36"
::1 - - [12/Oct/2018:00:33:47 +0000] "GET /css/all.jpg HTTP/1.1" 404 150 "http://localhost:8081/css/indexcss.css" "Mozilla/5.0 (Windows NT 10.0; Win64; x64) AppleWebKit/537.36 (KHTML, like Gecko) Chrome/69.0.3497.100 Safari/537.36"
::1 - - [12/Oct/2018:00:34:30 +0000] "GET /index HTTP/1.1" 304 - "http://localhost:8081/details" "Mozilla/5.0 (Windows NT 10.0; Win64; x64) AppleWebKit/537.36 (KHTML, like Gecko) Chrome/69.0.3497.100 Safari/537.36"
::1 - - [12/Oct/2018:00:34:30 +0000] "GET /menu.png HTTP/1.1" 404 147 "http://localhost:8081/index" "Mozilla/5.0 (Windows NT 10.0; Win64; x64) AppleWebKit/537.36 (KHTML, like Gecko) Chrome/69.0.3497.100 Safari/537.36"
::1 - - [12/Oct/2018:00:34:45 +0000] "GET /index HTTP/1.1" 304 - "http://localhost:8081/details" "Mozilla/5.0 (Windows NT 10.0; Win64; x64) AppleWebKit/537.36 (KHTML, like Gecko) Chrome/69.0.3497.100 Safari/537.36"
::1 - - [12/Oct/2018:00:34:45 +0000] "GET /menu.png HTTP/1.1" 404 147 "http://localhost:8081/index" "Mozilla/5.0 (Windows NT 10.0; Win64; x64) AppleWebKit/537.36 (KHTML, like Gecko) Chrome/69.0.3497.100 Safari/537.36"
::1 - - [12/Oct/2018:00:34:45 +0000] "GET /public/images/all.jpg HTTP/1.1" 404 160 "http://localhost:8081/css/indexcss.css" "Mozilla/5.0 (Windows NT 10.0; Win64; x64) AppleWebKit/537.36 (KHTML, like Gecko) Chrome/69.0.3497.100 Safari/537.36"
::1 - - [12/Oct/2018:00:34:54 +0000] "GET /index HTTP/1.1" 304 - "http://localhost:8081/details" "Mozilla/5.0 (Windows NT 10.0; Win64; x64) AppleWebKit/537.36 (KHTML, like Gecko) Chrome/69.0.3497.100 Safari/537.36"
::1 - - [12/Oct/2018:00:34:54 +0000] "GET /menu.png HTTP/1.1" 404 147 "http://localhost:8081/index" "Mozilla/5.0 (Windows NT 10.0; Win64; x64) AppleWebKit/537.36 (KHTML, like Gecko) Chrome/69.0.3497.100 Safari/537.36"
::1 - - [12/Oct/2018:00:34:59 +0000] "GET /contact HTTP/1.1" 200 2962 "http://localhost:8081/index" "Mozilla/5.0 (Windows NT 10.0; Win64; x64) AppleWebKit/537.36 (KHTML, like Gecko) Chrome/69.0.3497.100 Safari/537.36"
::1 - - [12/Oct/2018:00:34:59 +0000] "GET /menu.png HTTP/1.1" 404 147 "http://localhost:8081/contact" "Mozilla/5.0 (Windows NT 10.0; Win64; x64) AppleWebKit/537.36 (KHTML, like Gecko) Chrome/69.0.3497.100 Safari/537.36"
::1 - - [12/Oct/2018:00:34:59 +0000] "GET /github.png HTTP/1.1" 404 149 "http://localhost:8081/contact" "Mozilla/5.0 (Windows NT 10.0; Win64; x64) AppleWebKit/537.36 (KHTML, like Gecko) Chrome/69.0.3497.100 Safari/537.36"
::1 - - [12/Oct/2018:00:34:59 +0000] "GET /bigbucket.png HTTP/1.1" 404 152 "http://localhost:8081/contact" "Mozilla/5.0 (Windows NT 10.0; Win64; x64) AppleWebKit/537.36 (KHTML, like Gecko) Chrome/69.0.3497.100 Safari/537.36"
::1 - - [12/Oct/2018:00:34:59 +0000] "GET /link.png HTTP/1.1" 404 147 "http://localhost:8081/contact" "Mozilla/5.0 (Windows NT 10.0; Win64; x64) AppleWebKit/537.36 (KHTML, like Gecko) Chrome/69.0.3497.100 Safari/537.36"
::1 - - [12/Oct/2018:00:35:30 +0000] "GET /contact HTTP/1.1" 200 2986 "http://localhost:8081/index" "Mozilla/5.0 (Windows NT 10.0; Win64; x64) AppleWebKit/537.36 (KHTML, like Gecko) Chrome/69.0.3497.100 Safari/537.36"
::1 - - [12/Oct/2018:00:35:30 +0000] "GET /menu.png HTTP/1.1" 404 147 "http://localhost:8081/contact" "Mozilla/5.0 (Windows NT 10.0; Win64; x64) AppleWebKit/537.36 (KHTML, like Gecko) Chrome/69.0.3497.100 Safari/537.36"
::1 - - [12/Oct/2018:00:35:36 +0000] "GET /index HTTP/1.1" 304 - "http://localhost:8081/contact" "Mozilla/5.0 (Windows NT 10.0; Win64; x64) AppleWebKit/537.36 (KHTML, like Gecko) Chrome/69.0.3497.100 Safari/537.36"
::1 - - [12/Oct/2018:00:35:36 +0000] "GET /menu.png HTTP/1.1" 404 147 "http://localhost:8081/index" "Mozilla/5.0 (Windows NT 10.0; Win64; x64) AppleWebKit/537.36 (KHTML, like Gecko) Chrome/69.0.3497.100 Safari/537.36"
::1 - - [12/Oct/2018:00:35:38 +0000] "GET /details HTTP/1.1" 304 - "http://localhost:8081/index" "Mozilla/5.0 (Windows NT 10.0; Win64; x64) AppleWebKit/537.36 (KHTML, like Gecko) Chrome/69.0.3497.100 Safari/537.36"
::1 - - [12/Oct/2018:00:35:38 +0000] "GET /menu.png HTTP/1.1" 404 147 "http://localhost:8081/details" "Mozilla/5.0 (Windows NT 10.0; Win64; x64) AppleWebKit/537.36 (KHTML, like Gecko) Chrome/69.0.3497.100 Safari/537.36"
::1 - - [12/Oct/2018:00:35:38 +0000] "GET /conv.js HTTP/1.1" 404 146 "http://localhost:8081/details" "Mozilla/5.0 (Windows NT 10.0; Win64; x64) AppleWebKit/537.36 (KHTML, like Gecko) Chrome/69.0.3497.100 Safari/537.36"
::1 - - [12/Oct/2018:00:35:38 +0000] "GET /conv.js HTTP/1.1" 404 146 "http://localhost:8081/details" "Mozilla/5.0 (Windows NT 10.0; Win64; x64) AppleWebKit/537.36 (KHTML, like Gecko) Chrome/69.0.3497.100 Safari/537.36"
::1 - - [12/Oct/2018:00:35:39 +0000] "GET /contact HTTP/1.1" 304 - "http://localhost:8081/details" "Mozilla/5.0 (Windows NT 10.0; Win64; x64) AppleWebKit/537.36 (KHTML, like Gecko) Chrome/69.0.3497.100 Safari/537.36"
::1 - - [12/Oct/2018:00:35:39 +0000] "GET /menu.png HTTP/1.1" 404 147 "http://localhost:8081/contact" "Mozilla/5.0 (Windows NT 10.0; Win64; x64) AppleWebKit/537.36 (KHTML, like Gecko) Chrome/69.0.3497.100 Safari/537.36"
::1 - - [12/Oct/2018:00:35:40 +0000] "GET /details HTTP/1.1" 304 - "http://localhost:8081/contact" "Mozilla/5.0 (Windows NT 10.0; Win64; x64) AppleWebKit/537.36 (KHTML, like Gecko) Chrome/69.0.3497.100 Safari/537.36"
::1 - - [12/Oct/2018:00:35:40 +0000] "GET /menu.png HTTP/1.1" 404 147 "http://localhost:8081/details" "Mozilla/5.0 (Windows NT 10.0; Win64; x64) AppleWebKit/537.36 (KHTML, like Gecko) Chrome/69.0.3497.100 Safari/537.36"
::1 - - [12/Oct/2018:00:35:40 +0000] "GET /conv.js HTTP/1.1" 404 146 "http://localhost:8081/details" "Mozilla/5.0 (Windows NT 10.0; Win64; x64) AppleWebKit/537.36 (KHTML, like Gecko) Chrome/69.0.3497.100 Safari/537.36"
::1 - - [12/Oct/2018:00:35:40 +0000] "GET /conv.js HTTP/1.1" 404 146 "http://localhost:8081/details" "Mozilla/5.0 (Windows NT 10.0; Win64; x64) AppleWebKit/537.36 (KHTML, like Gecko) Chrome/69.0.3497.100 Safari/537.36"
::1 - - [12/Oct/2018:00:37:37 +0000] "GET /details HTTP/1.1" 304 - "http://localhost:8081/contact" "Mozilla/5.0 (Windows NT 10.0; Win64; x64) AppleWebKit/537.36 (KHTML, like Gecko) Chrome/69.0.3497.100 Safari/537.36"
::1 - - [12/Oct/2018:00:37:37 +0000] "GET /menu.png HTTP/1.1" 404 147 "http://localhost:8081/details" "Mozilla/5.0 (Windows NT 10.0; Win64; x64) AppleWebKit/537.36 (KHTML, like Gecko) Chrome/69.0.3497.100 Safari/537.36"
::1 - - [12/Oct/2018:00:37:37 +0000] "GET /conv.js HTTP/1.1" 404 146 "http://localhost:8081/details" "Mozilla/5.0 (Windows NT 10.0; Win64; x64) AppleWebKit/537.36 (KHTML, like Gecko) Chrome/69.0.3497.100 Safari/537.36"
::1 - - [12/Oct/2018:00:37:37 +0000] "GET /conv.js HTTP/1.1" 404 146 "http://localhost:8081/details" "Mozilla/5.0 (Windows NT 10.0; Win64; x64) AppleWebKit/537.36 (KHTML, like Gecko) Chrome/69.0.3497.100 Safari/537.36"
::1 - - [12/Oct/2018:00:38:40 +0000] "GET /details HTTP/1.1" 200 2278 "http://localhost:8081/contact" "Mozilla/5.0 (Windows NT 10.0; Win64; x64) AppleWebKit/537.36 (KHTML, like Gecko) Chrome/69.0.3497.100 Safari/537.36"
::1 - - [12/Oct/2018:00:38:40 +0000] "GET /menu.png HTTP/1.1" 404 147 "http://localhost:8081/details" "Mozilla/5.0 (Windows NT 10.0; Win64; x64) AppleWebKit/537.36 (KHTML, like Gecko) Chrome/69.0.3497.100 Safari/537.36"
::1 - - [12/Oct/2018:00:38:40 +0000] "GET /conv.js HTTP/1.1" 404 146 "http://localhost:8081/details" "Mozilla/5.0 (Windows NT 10.0; Win64; x64) AppleWebKit/537.36 (KHTML, like Gecko) Chrome/69.0.3497.100 Safari/537.36"
::1 - - [12/Oct/2018:00:38:40 +0000] "GET /conv.js HTTP/1.1" 404 146 "http://localhost:8081/details" "Mozilla/5.0 (Windows NT 10.0; Win64; x64) AppleWebKit/537.36 (KHTML, like Gecko) Chrome/69.0.3497.100 Safari/537.36"
::1 - - [12/Oct/2018:00:38:54 +0000] "GET /index HTTP/1.1" 304 - "http://localhost:8081/details" "Mozilla/5.0 (Windows NT 10.0; Win64; x64) AppleWebKit/537.36 (KHTML, like Gecko) Chrome/69.0.3497.100 Safari/537.36"
::1 - - [12/Oct/2018:00:38:54 +0000] "GET /menu.png HTTP/1.1" 404 147 "http://localhost:8081/index" "Mozilla/5.0 (Windows NT 10.0; Win64; x64) AppleWebKit/537.36 (KHTML, like Gecko) Chrome/69.0.3497.100 Safari/537.36"
::1 - - [12/Oct/2018:00:38:55 +0000] "GET /details HTTP/1.1" 304 - "http://localhost:8081/index" "Mozilla/5.0 (Windows NT 10.0; Win64; x64) AppleWebKit/537.36 (KHTML, like Gecko) Chrome/69.0.3497.100 Safari/537.36"
::1 - - [12/Oct/2018:00:38:55 +0000] "GET /menu.png HTTP/1.1" 404 147 "http://localhost:8081/details" "Mozilla/5.0 (Windows NT 10.0; Win64; x64) AppleWebKit/537.36 (KHTML, like Gecko) Chrome/69.0.3497.100 Safari/537.36"
::1 - - [12/Oct/2018:00:38:55 +0000] "GET /conv.js HTTP/1.1" 404 146 "http://localhost:8081/details" "Mozilla/5.0 (Windows NT 10.0; Win64; x64) AppleWebKit/537.36 (KHTML, like Gecko) Chrome/69.0.3497.100 Safari/537.36"
::1 - - [12/Oct/2018:00:38:55 +0000] "GET /conv.js HTTP/1.1" 404 146 "http://localhost:8081/details" "Mozilla/5.0 (Windows NT 10.0; Win64; x64) AppleWebKit/537.36 (KHTML, like Gecko) Chrome/69.0.3497.100 Safari/537.36"
::1 - - [12/Oct/2018:00:38:57 +0000] "GET /details HTTP/1.1" 304 - "http://localhost:8081/details" "Mozilla/5.0 (Windows NT 10.0; Win64; x64) AppleWebKit/537.36 (KHTML, like Gecko) Chrome/69.0.3497.100 Safari/537.36"
::1 - - [12/Oct/2018:00:38:57 +0000] "GET /menu.png HTTP/1.1" 404 147 "http://localhost:8081/details" "Mozilla/5.0 (Windows NT 10.0; Win64; x64) AppleWebKit/537.36 (KHTML, like Gecko) Chrome/69.0.3497.100 Safari/537.36"
::1 - - [12/Oct/2018:00:38:57 +0000] "GET /conv.js HTTP/1.1" 404 146 "http://localhost:8081/details" "Mozilla/5.0 (Windows NT 10.0; Win64; x64) AppleWebKit/537.36 (KHTML, like Gecko) Chrome/69.0.3497.100 Safari/537.36"
::1 - - [12/Oct/2018:00:38:57 +0000] "GET /conv.js HTTP/1.1" 404 146 "http://localhost:8081/details" "Mozilla/5.0 (Windows NT 10.0; Win64; x64) AppleWebKit/537.36 (KHTML, like Gecko) Chrome/69.0.3497.100 Safari/537.36"
::1 - - [12/Oct/2018:00:39:36 +0000] "GET /index HTTP/1.1" 304 - "http://localhost:8081/details" "Mozilla/5.0 (Windows NT 10.0; Win64; x64) AppleWebKit/537.36 (KHTML, like Gecko) Chrome/69.0.3497.100 Safari/537.36"
::1 - - [12/Oct/2018:00:39:36 +0000] "GET /menu.png HTTP/1.1" 404 147 "http://localhost:8081/index" "Mozilla/5.0 (Windows NT 10.0; Win64; x64) AppleWebKit/537.36 (KHTML, like Gecko) Chrome/69.0.3497.100 Safari/537.36"
::1 - - [12/Oct/2018:00:39:37 +0000] "GET /details HTTP/1.1" 304 - "http://localhost:8081/index" "Mozilla/5.0 (Windows NT 10.0; Win64; x64) AppleWebKit/537.36 (KHTML, like Gecko) Chrome/69.0.3497.100 Safari/537.36"
::1 - - [12/Oct/2018:00:39:37 +0000] "GET /menu.png HTTP/1.1" 404 147 "http://localhost:8081/details" "Mozilla/5.0 (Windows NT 10.0; Win64; x64) AppleWebKit/537.36 (KHTML, like Gecko) Chrome/69.0.3497.100 Safari/537.36"
::1 - - [12/Oct/2018:00:39:37 +0000] "GET /conv.js HTTP/1.1" 404 146 "http://localhost:8081/details" "Mozilla/5.0 (Windows NT 10.0; Win64; x64) AppleWebKit/537.36 (KHTML, like Gecko) Chrome/69.0.3497.100 Safari/537.36"
::1 - - [12/Oct/2018:00:39:37 +0000] "GET /conv.js HTTP/1.1" 404 146 "http://localhost:8081/details" "Mozilla/5.0 (Windows NT 10.0; Win64; x64) AppleWebKit/537.36 (KHTML, like Gecko) Chrome/69.0.3497.100 Safari/537.36"
::1 - - [12/Oct/2018:00:39:38 +0000] "GET /index HTTP/1.1" 304 - "http://localhost:8081/details" "Mozilla/5.0 (Windows NT 10.0; Win64; x64) AppleWebKit/537.36 (KHTML, like Gecko) Chrome/69.0.3497.100 Safari/537.36"
::1 - - [12/Oct/2018:00:39:38 +0000] "GET /menu.png HTTP/1.1" 404 147 "http://localhost:8081/index" "Mozilla/5.0 (Windows NT 10.0; Win64; x64) AppleWebKit/537.36 (KHTML, like Gecko) Chrome/69.0.3497.100 Safari/537.36"
::1 - - [12/Oct/2018:00:40:38 +0000] "GET /index HTTP/1.1" 200 2828 "http://localhost:8081/details" "Mozilla/5.0 (Windows NT 10.0; Win64; x64) AppleWebKit/537.36 (KHTML, like Gecko) Chrome/69.0.3497.100 Safari/537.36"
::1 - - [12/Oct/2018:00:40:38 +0000] "GET /menu.png HTTP/1.1" 404 147 "http://localhost:8081/index" "Mozilla/5.0 (Windows NT 10.0; Win64; x64) AppleWebKit/537.36 (KHTML, like Gecko) Chrome/69.0.3497.100 Safari/537.36"
::1 - - [12/Oct/2018:00:40:41 +0000] "GET /index HTTP/1.1" 304 - "http://localhost:8081/index" "Mozilla/5.0 (Windows NT 10.0; Win64; x64) AppleWebKit/537.36 (KHTML, like Gecko) Chrome/69.0.3497.100 Safari/537.36"
::1 - - [12/Oct/2018:00:40:41 +0000] "GET /menu.png HTTP/1.1" 404 147 "http://localhost:8081/index" "Mozilla/5.0 (Windows NT 10.0; Win64; x64) AppleWebKit/537.36 (KHTML, like Gecko) Chrome/69.0.3497.100 Safari/537.36"
::1 - - [12/Oct/2018:00:40:42 +0000] "GET /details HTTP/1.1" 200 2280 "http://localhost:8081/index" "Mozilla/5.0 (Windows NT 10.0; Win64; x64) AppleWebKit/537.36 (KHTML, like Gecko) Chrome/69.0.3497.100 Safari/537.36"
::1 - - [12/Oct/2018:00:40:42 +0000] "GET /menu.png HTTP/1.1" 404 147 "http://localhost:8081/details" "Mozilla/5.0 (Windows NT 10.0; Win64; x64) AppleWebKit/537.36 (KHTML, like Gecko) Chrome/69.0.3497.100 Safari/537.36"
::1 - - [12/Oct/2018:00:40:42 +0000] "GET /conv.js HTTP/1.1" 404 146 "http://localhost:8081/details" "Mozilla/5.0 (Windows NT 10.0; Win64; x64) AppleWebKit/537.36 (KHTML, like Gecko) Chrome/69.0.3497.100 Safari/537.36"
::1 - - [12/Oct/2018:00:40:42 +0000] "GET /conv.js HTTP/1.1" 404 146 "http://localhost:8081/details" "Mozilla/5.0 (Windows NT 10.0; Win64; x64) AppleWebKit/537.36 (KHTML, like Gecko) Chrome/69.0.3497.100 Safari/537.36"
::1 - - [12/Oct/2018:00:40:43 +0000] "GET /contact HTTP/1.1" 200 2988 "http://localhost:8081/details" "Mozilla/5.0 (Windows NT 10.0; Win64; x64) AppleWebKit/537.36 (KHTML, like Gecko) Chrome/69.0.3497.100 Safari/537.36"
::1 - - [12/Oct/2018:00:40:43 +0000] "GET /menu.png HTTP/1.1" 404 147 "http://localhost:8081/contact" "Mozilla/5.0 (Windows NT 10.0; Win64; x64) AppleWebKit/537.36 (KHTML, like Gecko) Chrome/69.0.3497.100 Safari/537.36"
::1 - - [12/Oct/2018:00:40:47 +0000] "GET /index HTTP/1.1" 304 - "http://localhost:8081/contact" "Mozilla/5.0 (Windows NT 10.0; Win64; x64) AppleWebKit/537.36 (KHTML, like Gecko) Chrome/69.0.3497.100 Safari/537.36"
::1 - - [12/Oct/2018:00:40:47 +0000] "GET /menu.png HTTP/1.1" 404 147 "http://localhost:8081/index" "Mozilla/5.0 (Windows NT 10.0; Win64; x64) AppleWebKit/537.36 (KHTML, like Gecko) Chrome/69.0.3497.100 Safari/537.36"
::1 - - [12/Oct/2018:00:41:04 +0000] "GET /details HTTP/1.1" 304 - "http://localhost:8081/index" "Mozilla/5.0 (Windows NT 10.0; Win64; x64) AppleWebKit/537.36 (KHTML, like Gecko) Chrome/69.0.3497.100 Safari/537.36"
::1 - - [12/Oct/2018:00:41:04 +0000] "GET /menu.png HTTP/1.1" 404 147 "http://localhost:8081/details" "Mozilla/5.0 (Windows NT 10.0; Win64; x64) AppleWebKit/537.36 (KHTML, like Gecko) Chrome/69.0.3497.100 Safari/537.36"
::1 - - [12/Oct/2018:00:41:04 +0000] "GET /conv.js HTTP/1.1" 404 146 "http://localhost:8081/details" "Mozilla/5.0 (Windows NT 10.0; Win64; x64) AppleWebKit/537.36 (KHTML, like Gecko) Chrome/69.0.3497.100 Safari/537.36"
::1 - - [12/Oct/2018:00:41:04 +0000] "GET /conv.js HTTP/1.1" 404 146 "http://localhost:8081/details" "Mozilla/5.0 (Windows NT 10.0; Win64; x64) AppleWebKit/537.36 (KHTML, like Gecko) Chrome/69.0.3497.100 Safari/537.36"
::1 - - [12/Oct/2018:00:41:40 +0000] "GET /details HTTP/1.1" 304 - "http://localhost:8081/index" "Mozilla/5.0 (Windows NT 10.0; Win64; x64) AppleWebKit/537.36 (KHTML, like Gecko) Chrome/69.0.3497.100 Safari/537.36"
::1 - - [12/Oct/2018:00:41:40 +0000] "GET /menu.png HTTP/1.1" 404 147 "http://localhost:8081/details" "Mozilla/5.0 (Windows NT 10.0; Win64; x64) AppleWebKit/537.36 (KHTML, like Gecko) Chrome/69.0.3497.100 Safari/537.36"
::1 - - [12/Oct/2018:00:41:40 +0000] "GET /conv.js HTTP/1.1" 404 146 "http://localhost:8081/details" "Mozilla/5.0 (Windows NT 10.0; Win64; x64) AppleWebKit/537.36 (KHTML, like Gecko) Chrome/69.0.3497.100 Safari/537.36"
::1 - - [12/Oct/2018:00:41:40 +0000] "GET /conv.js HTTP/1.1" 404 146 "http://localhost:8081/details" "Mozilla/5.0 (Windows NT 10.0; Win64; x64) AppleWebKit/537.36 (KHTML, like Gecko) Chrome/69.0.3497.100 Safari/537.36"
